TN:
SF:app/api/webhooks/stripe/route.ts
FNF:13
FNH:13
DA:1,38
DA:2,43
DA:4,38
DA:5,38
DA:6,38
DA:7,33
DA:8,72
DA:20,17
DA:21,36
DA:22,60
DA:24,12
DA:26,9
DA:27,50
DA:29,22
DA:30,55
DA:31,81
DA:32,4
DA:34,84
DA:35,17
DA:36,53
DA:37,85
DA:38,95
DA:41,9
DA:42,31
DA:43,37
DA:44,64
DA:45,10
DA:47,35
DA:48,62
DA:49,10
DA:51,40
DA:52,59
DA:53,10
DA:55,26
DA:56,54
DA:57,21
DA:61,7
DA:63,0
DA:64,0
DA:65,0
DA:66,2
DA:69,44
DA:78,12
DA:79,24
DA:80,44
DA:81,22
DA:82,2
DA:84,26
DA:87,35
DA:88,78
DA:89,15
DA:90,59
DA:91,11
DA:93,26
DA:96,54
DA:98,50
DA:100,9
DA:101,17
DA:102,9
DA:103,24
DA:104,43
DA:105,23
DA:106,3
DA:107,61
DA:109,38
DA:110,26
DA:111,33
DA:112,29
DA:113,59
DA:114,54
DA:115,21
DA:116,5
DA:118,33
DA:121,32
DA:122,47
DA:123,12
DA:124,44
DA:125,11
DA:127,23
DA:130,91
DA:132,44
DA:134,9
DA:135,14
DA:136,9
DA:137,21
DA:138,25
DA:139,3
DA:140,46
DA:142,38
DA:143,23
DA:144,37
DA:145,29
DA:146,56
DA:147,51
DA:148,21
DA:149,4
DA:158,18
DA:160,35
DA:161,12
DA:162,20
DA:163,28
DA:164,25
DA:165,3
DA:166,15
DA:167,60
DA:168,11
DA:170,26
DA:173,54
DA:175,50
DA:177,9
DA:178,17
DA:179,9
DA:180,24
DA:181,23
DA:182,3
DA:183,62
DA:185,38
DA:186,26
DA:187,33
DA:188,29
DA:189,59
DA:190,54
DA:191,21
DA:192,5
DA:196,32
DA:197,34
DA:198,63
DA:199,62
DA:200,9
DA:202,77
DA:203,37
DA:205,31
DA:206,47
DA:207,12
DA:208,56
DA:210,74
DA:212,9
DA:213,14
DA:214,52
DA:215,56
DA:217,42
DA:218,27
DA:219,47
DA:220,33
DA:221,65
DA:222,58
DA:223,25
DA:224,8
DA:225,4
DA:226,1
DA:234,18
DA:235,87
DA:238,35
DA:239,53
DA:240,15
DA:241,60
DA:242,11
DA:244,26
DA:246,50
DA:248,9
DA:249,17
DA:250,9
DA:251,21
DA:252,18
DA:253,58
DA:254,3
DA:255,62
DA:257,38
DA:258,26
DA:259,33
DA:260,29
DA:261,59
DA:262,66
DA:263,21
DA:264,4
DA:272,12
DA:273,21
DA:275,26
DA:276,51
DA:277,14
DA:278,47
DA:279,11
DA:281,23
DA:283,78
DA:285,57
DA:286,88
DA:288,40
DA:289,27
DA:290,26
DA:291,31
DA:292,54
DA:293,97
DA:294,23
DA:295,7
DA:297,69
DA:298,26
DA:299,31
DA:300,5
DA:301,1
LF:199
LH:196
end_of_record
TN:
SF:app/owner/enroll/_components/math-captcha.tsx
FNF:2
FNH:1
DA:1,13
DA:3,55
DA:4,46
DA:5,48
DA:6,46
DA:7,46
DA:13,11
DA:14,47
DA:15,47
DA:16,31
DA:19,0
DA:20,0
DA:21,0
DA:22,0
DA:23,0
DA:24,0
DA:25,0
DA:26,0
DA:27,0
DA:28,0
DA:29,0
DA:30,0
DA:31,0
DA:32,0
DA:33,0
DA:34,0
DA:35,0
DA:36,0
DA:37,0
DA:38,0
DA:39,0
DA:40,0
DA:41,0
DA:42,0
DA:43,0
DA:44,0
DA:45,0
DA:46,0
DA:47,0
DA:48,0
DA:49,0
DA:50,0
DA:51,0
DA:52,0
DA:53,0
DA:54,0
DA:55,0
DA:56,0
DA:57,0
DA:58,0
DA:59,0
DA:60,0
DA:61,0
DA:62,0
DA:63,0
DA:64,0
DA:65,0
DA:66,0
DA:67,0
DA:68,0
DA:69,0
DA:70,0
DA:71,0
DA:72,0
DA:73,0
DA:74,0
DA:75,0
DA:76,0
DA:77,0
DA:78,0
DA:79,0
DA:80,0
DA:81,0
DA:82,0
DA:83,0
DA:84,0
DA:85,0
DA:86,0
DA:87,0
DA:88,0
DA:89,0
DA:90,0
DA:91,0
LF:83
LH:10
end_of_record
TN:
SF:app/owner/enroll/_components/step-bill-details.tsx
FNF:2
FNH:0
DA:1,13
DA:3,53
DA:4,42
DA:5,24
DA:6,64
DA:7,48
DA:8,46
DA:9,46
DA:10,54
DA:11,68
DA:12,57
DA:13,64
DA:16,44
DA:17,19
DA:18,9
DA:19,6
DA:20,66
DA:21,58
DA:22,58
DA:23,60
DA:24,58
DA:25,2
DA:34,0
DA:35,0
DA:36,0
DA:37,0
DA:38,0
DA:39,1
DA:42,0
DA:43,0
DA:44,0
DA:45,0
DA:46,0
DA:47,0
DA:48,0
DA:49,0
DA:50,0
DA:51,0
DA:52,0
DA:53,0
DA:54,0
DA:55,0
DA:56,0
DA:57,0
DA:58,0
DA:59,0
DA:60,0
DA:61,0
DA:62,0
DA:63,0
DA:64,0
DA:65,0
DA:66,0
DA:67,0
DA:68,0
DA:69,0
DA:70,0
DA:71,0
DA:72,0
DA:73,0
DA:74,0
DA:75,0
DA:76,0
DA:77,0
DA:78,0
DA:79,0
DA:80,0
DA:81,0
DA:82,0
DA:83,0
DA:84,0
DA:85,0
DA:86,0
DA:87,0
DA:88,0
DA:89,0
DA:90,0
DA:91,0
DA:92,0
DA:93,0
DA:94,0
DA:95,0
DA:96,0
DA:97,0
DA:98,0
DA:99,0
DA:100,0
DA:101,0
DA:102,0
DA:103,0
DA:104,0
DA:105,0
DA:106,0
DA:107,0
DA:108,0
DA:109,0
DA:110,0
DA:111,0
DA:112,0
DA:113,0
DA:114,0
DA:115,0
DA:116,0
DA:117,0
DA:118,0
DA:119,0
DA:120,0
DA:121,0
DA:122,0
DA:123,0
DA:124,0
DA:125,0
DA:126,0
DA:127,0
DA:128,0
DA:129,0
DA:130,0
DA:131,0
DA:132,0
DA:133,0
DA:134,0
DA:135,0
DA:136,0
DA:137,0
DA:138,0
DA:139,0
DA:140,0
DA:141,0
DA:142,0
DA:143,0
DA:144,0
DA:145,0
DA:146,0
DA:147,0
DA:148,0
DA:149,0
DA:150,0
DA:151,0
DA:152,0
DA:153,0
DA:154,0
DA:155,0
DA:156,0
DA:157,0
DA:158,0
DA:159,0
DA:160,0
DA:161,0
DA:162,0
DA:163,0
DA:164,0
DA:165,0
DA:166,0
DA:167,0
DA:168,0
DA:169,0
DA:170,0
DA:171,0
DA:172,0
DA:173,0
DA:174,0
DA:175,0
DA:176,0
DA:177,0
DA:178,0
DA:179,0
DA:180,0
DA:181,0
DA:182,0
DA:183,0
DA:184,0
DA:185,0
DA:186,0
DA:187,0
DA:188,0
DA:189,0
DA:190,0
DA:191,0
DA:192,0
DA:193,0
DA:194,0
DA:195,0
DA:196,0
DA:197,0
DA:198,0
DA:199,0
DA:200,0
DA:201,0
DA:202,0
DA:203,0
DA:204,0
DA:205,0
DA:206,0
DA:207,0
DA:208,0
DA:209,0
DA:210,0
DA:211,0
DA:212,0
DA:213,0
DA:214,0
DA:215,0
DA:216,0
DA:217,0
DA:218,0
DA:219,0
DA:220,0
DA:221,0
DA:222,0
DA:223,0
DA:224,0
DA:225,0
DA:226,0
DA:227,0
DA:228,0
DA:229,0
DA:230,0
DA:231,0
DA:232,0
DA:233,0
DA:234,0
DA:235,0
DA:236,0
DA:237,0
DA:238,0
DA:239,0
DA:240,0
DA:241,0
DA:242,0
DA:243,0
DA:244,0
DA:245,0
DA:246,0
DA:247,0
DA:248,0
DA:249,0
DA:250,0
DA:251,0
DA:252,0
DA:253,0
DA:254,0
DA:255,0
DA:256,0
DA:257,0
DA:258,0
DA:259,0
DA:260,0
DA:261,0
DA:262,0
DA:263,0
DA:264,0
DA:265,0
DA:266,0
DA:267,0
DA:268,0
DA:269,0
DA:270,0
DA:271,0
DA:272,0
DA:273,0
LF:260
LH:23
end_of_record
TN:
SF:components/ui/alert.tsx
FNF:3
FNH:0
DA:1,47
DA:2,31
DA:4,33
DA:6,25
DA:7,171
DA:8,3
DA:9,15
DA:10,16
DA:11,47
DA:12,13
DA:13,93
DA:14,3
DA:15,4
DA:16,22
DA:17,20
DA:18,2
DA:20,3
DA:22,29
DA:25,0
DA:27,3
DA:28,28
DA:30,34
DA:31,0
DA:32,0
DA:33,0
DA:34,0
DA:38,3
DA:39,38
DA:41,40
DA:44,0
DA:46,3
DA:47,50
DA:49,46
LF:33
LH:27
end_of_record
TN:
SF:components/ui/button.tsx
FNF:1
FNH:0
DA:1,44
DA:2,47
DA:3,31
DA:5,33
DA:7,26
DA:8,297
DA:9,3
DA:10,15
DA:11,16
DA:12,79
DA:13,98
DA:14,9
DA:15,97
DA:16,90
DA:17,60
DA:18,59
DA:19,6
DA:20,13
DA:21,31
DA:22,40
DA:23,33
DA:24,19
DA:25,3
DA:26,4
DA:27,22
DA:28,23
DA:29,17
DA:30,2
DA:32,3
DA:40,30
DA:41,0
DA:42,0
DA:43,0
DA:47,3
DA:48,30
DA:50,33
LF:36
LH:33
end_of_record
TN:
SF:components/ui/input.tsx
FNF:1
FNH:0
DA:1,31
DA:3,33
DA:5,29
DA:6,0
DA:7,0
DA:8,0
DA:9,0
DA:10,0
DA:11,0
DA:12,0
DA:13,0
DA:14,0
DA:15,0
DA:19,3
DA:20,28
DA:22,16
LF:16
LH:6
end_of_record
TN:
SF:components/ui/label.tsx
FNF:1
FNH:0
DA:1,13
DA:3,56
DA:4,47
DA:5,31
DA:7,33
DA:9,25
DA:10,92
DA:11,3
DA:13,29
DA:16,0
DA:18,3
DA:19,52
DA:21,16
LF:13
LH:12
end_of_record
TN:
SF:components/ui/separator.tsx
FNF:1
FNH:0
DA:1,13
DA:3,64
DA:4,31
DA:6,33
DA:8,33
DA:11,0
DA:12,0
DA:13,0
DA:14,0
DA:15,0
DA:16,0
DA:17,0
DA:18,0
DA:19,0
DA:20,0
DA:23,3
DA:24,60
DA:26,20
LF:18
LH:8
end_of_record
TN:
SF:lib/auth.ts
FNF:1
FNH:1
DA:5,58
DA:11,15
DA:12,38
DA:13,57
DA:14,10
DA:15,2
DA:16,15
DA:20,27
DA:21,30
DA:22,28
DA:23,25
DA:24,2
DA:27,77
LF:13
LH:13
end_of_record
TN:
SF:lib/constants.ts
FNF:1
FNH:1
DA:5,38
DA:8,33
DA:11,38
DA:14,35
DA:17,34
DA:20,35
LF:6
LH:6
end_of_record
TN:
SF:lib/env.ts
FNF:4
FNH:4
DA:1,24
DA:8,32
DA:9,88
DA:10,62
DA:11,91
DA:12,25
DA:13,9
DA:14,71
DA:15,85
DA:16,68
DA:17,62
DA:18,50
DA:19,54
DA:20,5
DA:21,91
DA:22,72
DA:23,23
DA:24,9
DA:25,80
DA:26,43
DA:27,36
DA:28,38
DA:29,3
DA:35,32
DA:36,91
DA:37,96
DA:38,38
DA:39,9
DA:40,78
DA:41,48
DA:42,49
DA:43,48
DA:44,3
DA:47,6
DA:48,8
DA:49,8
DA:50,3
DA:51,42
DA:52,25
DA:53,91
DA:54,80
DA:55,2
DA:56,19
DA:59,15
DA:60,15
DA:63,11
DA:64,21
DA:65,54
DA:66,2
DA:67,18
DA:71,11
DA:72,21
DA:73,54
DA:74,2
DA:75,17
LF:55
LH:55
end_of_record
TN:
SF:lib/logger.ts
FNF:4
FNH:2
DA:17,11
DA:18,68
DA:20,42
DA:22,0
DA:23,0
DA:24,0
DA:25,0
DA:26,0
DA:27,0
DA:28,0
DA:30,11
DA:32,64
DA:33,52
DA:34,52
DA:35,29
DA:36,39
DA:37,0
DA:38,0
DA:39,0
DA:40,5
DA:45,23
DA:46,0
DA:47,2
DA:49,0
DA:50,2
DA:52,21
DA:53,46
DA:55,1
LF:28
LH:16
end_of_record
TN:
SF:lib/utils.ts
FNF:1
FNH:0
DA:1,28
DA:2,41
DA:4,0
LF:3
LH:2
end_of_record
TN:
SF:lib/utils/date.ts
FNF:3
FNH:3
DA:9,15
DA:10,30
DA:11,55
DA:12,19
DA:13,19
DA:14,17
DA:15,3
DA:26,15
DA:27,23
DA:28,27
DA:29,32
DA:30,30
DA:31,64
DA:40,15
DA:41,31
DA:42,34
DA:43,34
DA:44,37
DA:45,24
LF:19
LH:19
end_of_record
TN:
SF:lib/utils/money.ts
FNF:4
FNH:4
DA:4,59
DA:5,20
DA:6,16
DA:7,3
DA:10,18
DA:11,50
DA:12,65
DA:13,2
DA:14,33
DA:18,16
DA:19,74
DA:20,65
DA:21,2
DA:22,45
DA:26,21
DA:27,16
DA:28,34
DA:29,18
DA:30,2
DA:31,13
DA:35,22
DA:36,46
DA:37,68
DA:38,2
DA:39,44
DA:40,60
DA:41,2
DA:42,31
LF:28
LH:28
end_of_record
TN:
SF:lib/utils/phone.ts
FNF:2
FNH:2
DA:7,40
DA:21,16
DA:22,33
DA:39,16
DA:41,45
DA:43,17
DA:45,30
DA:47,29
DA:48,62
DA:50,28
DA:51,11
DA:52,14
DA:55,51
LF:13
LH:13
end_of_record
TN:
SF:lib/utils/schedule.ts
FNF:1
FNH:1
DA:5,100
DA:6,51
DA:33,6
DA:34,17
DA:35,27
DA:36,3
DA:37,42
DA:38,21
DA:39,79
DA:40,1
DA:41,2
DA:43,70
DA:44,55
DA:45,71
DA:46,58
DA:47,73
DA:49,22
DA:50,7
DA:51,22
DA:52,21
DA:53,32
DA:54,41
DA:55,3
DA:56,4
DA:58,47
DA:59,49
DA:60,56
DA:62,42
DA:63,28
DA:64,60
DA:65,20
DA:67,21
DA:68,26
DA:69,21
DA:70,18
DA:71,15
DA:72,5
DA:73,2
DA:75,12
DA:76,36
DA:77,13
DA:78,22
DA:79,17
DA:80,19
DA:81,21
DA:82,38
DA:83,10
DA:84,1
LF:48
LH:48
end_of_record
TN:
SF:server/__tests__/stripe/_mock-schema.ts
FNF:1
FNH:1
DA:9,28
DA:10,13
DA:11,20
DA:12,50
DA:13,50
DA:14,37
DA:15,4
DA:16,32
DA:17,93
DA:18,94
DA:19,32
DA:20,15
DA:21,22
DA:22,39
DA:23,35
DA:24,34
DA:25,4
DA:26,15
DA:27,22
DA:28,26
DA:29,50
DA:30,4
DA:31,23
DA:32,24
DA:33,21
DA:34,22
DA:35,24
DA:36,23
DA:37,23
DA:38,20
DA:39,23
DA:40,22
DA:41,21
DA:42,24
DA:43,23
DA:44,22
DA:45,1
LF:37
LH:37
end_of_record
TN:
SF:server/emails/clinic-payout.tsx
FNF:1
FNH:1
DA:1,64
DA:2,64
DA:3,152
DA:13,66
DA:29,9
DA:30,13
DA:31,14
DA:32,22
DA:33,19
DA:34,21
DA:35,9
DA:36,12
DA:37,10
DA:38,13
DA:39,19
DA:40,15
DA:41,3
DA:42,7
DA:43,63
DA:44,92
DA:46,128
DA:48,176
DA:50,94
DA:51,241
DA:52,68
DA:54,29
DA:55,17
DA:57,97
DA:58,151
DA:59,224
DA:60,235
DA:61,230
DA:62,203
DA:63,218
DA:64,28
DA:66,97
DA:67,151
DA:68,190
DA:69,195
DA:70,194
DA:71,28
DA:73,125
DA:74,162
DA:76,18
DA:77,17
DA:79,231
DA:82,17
DA:83,21
LF:48
LH:48
end_of_record
TN:
SF:server/emails/clinic-welcome.tsx
FNF:1
FNH:1
DA:1,68
DA:2,64
DA:3,134
DA:20,9
DA:21,13
DA:22,14
DA:23,15
DA:24,13
DA:25,3
DA:26,7
DA:27,136
DA:28,136
DA:30,176
DA:32,282
DA:33,21
DA:35,25
DA:37,97
DA:38,196
DA:40,18
DA:41,184
DA:43,18
DA:44,181
DA:46,18
DA:47,195
DA:48,186
DA:49,28
DA:51,91
DA:52,284
DA:55,16
DA:56,17
DA:58,160
DA:60,252
DA:63,14
DA:65,125
DA:66,166
DA:68,18
DA:69,17
DA:71,130
DA:73,250
DA:76,14
DA:78,125
DA:79,198
DA:81,18
DA:82,17
DA:84,214
DA:87,17
DA:88,21
LF:47
LH:47
end_of_record
TN:
SF:server/emails/components/layout.tsx
FNF:1
FNH:0
DA:1,98
DA:4,15
DA:5,29
DA:6,12
DA:7,94
DA:8,2
DA:10,20
DA:11,29
DA:12,19
DA:13,25
DA:14,23
DA:15,18
DA:16,2
DA:18,17
DA:19,21
DA:20,2
DA:22,19
DA:23,19
DA:24,21
DA:25,19
DA:26,12
DA:27,2
DA:29,18
DA:30,18
DA:31,2
DA:33,17
DA:34,18
DA:35,2
DA:37,21
DA:38,19
DA:39,19
DA:40,21
DA:41,12
DA:42,2
DA:53,0
DA:54,0
DA:55,0
DA:56,0
DA:57,0
DA:58,0
DA:59,0
DA:60,0
DA:61,0
DA:62,0
DA:63,0
DA:64,0
DA:65,0
DA:66,0
DA:67,0
DA:68,0
DA:69,0
DA:70,0
DA:71,0
DA:72,0
DA:73,0
LF:55
LH:34
end_of_record
TN:
SF:server/emails/components/styles.ts
FNF:1
FNH:1
DA:4,25
DA:5,19
DA:6,21
DA:7,19
DA:8,19
DA:9,2
DA:11,27
DA:12,19
DA:13,21
DA:14,19
DA:15,19
DA:16,2
DA:18,32
DA:19,29
DA:20,22
DA:21,23
DA:22,17
DA:23,2
DA:25,26
DA:26,19
DA:27,21
DA:28,19
DA:29,12
DA:30,2
DA:32,33
DA:33,11
DA:34,21
DA:35,17
DA:36,2
DA:38,31
DA:39,29
DA:40,22
DA:41,19
DA:42,19
DA:43,21
DA:44,25
DA:45,22
DA:46,19
DA:47,21
DA:48,2
DA:50,28
DA:51,29
DA:52,22
DA:53,23
DA:54,19
DA:55,32
DA:56,2
DA:58,28
DA:59,29
DA:60,22
DA:61,23
DA:62,19
DA:63,32
DA:64,2
DA:66,25
DA:67,29
DA:68,22
DA:69,23
DA:70,19
DA:71,32
DA:72,2
DA:74,23
DA:75,19
DA:76,21
DA:77,19
DA:78,18
DA:79,1
LF:67
LH:67
end_of_record
TN:
SF:server/emails/enrollment-confirmation.tsx
FNF:2
FNH:2
DA:1,68
DA:2,64
DA:3,139
DA:12,83
DA:36,9
DA:37,12
DA:38,10
DA:39,13
DA:40,17
DA:41,11
DA:42,20
DA:43,15
DA:44,19
DA:45,18
DA:46,11
DA:47,17
DA:48,15
DA:49,3
DA:50,7
DA:51,141
DA:52,153
DA:54,174
DA:56,244
DA:57,39
DA:59,25
DA:61,97
DA:62,193
DA:63,187
DA:64,218
DA:65,141
DA:66,219
DA:67,215
DA:68,216
DA:69,141
DA:70,215
DA:71,142
DA:72,85
DA:73,40
DA:74,28
DA:76,161
DA:78,98
DA:79,23
DA:80,138
DA:81,100
DA:82,99
DA:83,19
DA:84,10
DA:85,17
DA:87,125
DA:88,165
DA:90,18
DA:91,17
DA:93,302
DA:97,14
DA:99,350
DA:103,17
DA:104,21
LF:57
LH:57
end_of_record
TN:
SF:server/emails/helpers.ts
FNF:2
FNH:2
DA:4,48
DA:10,23
DA:16,15
DA:17,45
DA:18,20
DA:19,18
DA:20,16
DA:21,3
DA:28,15
DA:29,45
DA:30,20
DA:31,19
DA:32,16
DA:33,2
LF:14
LH:14
end_of_record
TN:
SF:server/emails/payment-failed.tsx
FNF:1
FNH:1
DA:1,64
DA:2,64
DA:3,152
DA:13,66
DA:29,9
DA:30,12
DA:31,10
DA:32,13
DA:33,14
DA:34,13
DA:35,20
DA:36,20
DA:37,16
DA:38,12
DA:39,19
DA:40,15
DA:41,3
DA:42,7
DA:43,63
DA:44,107
DA:46,142
DA:48,174
DA:50,94
DA:51,318
DA:52,57
DA:53,23
DA:54,29
DA:55,17
DA:57,97
DA:58,152
DA:59,207
DA:60,150
DA:61,75
DA:62,33
DA:63,208
DA:64,217
DA:65,28
DA:67,97
DA:68,154
DA:69,35
DA:70,90
DA:71,209
DA:72,40
DA:73,41
DA:74,275
DA:75,16
DA:77,0
DA:80,17
DA:82,28
DA:84,125
DA:85,164
DA:87,18
DA:88,17
DA:90,220
DA:93,17
DA:94,21
LF:56
LH:55
end_of_record
TN:
SF:server/emails/payment-reminder.tsx
FNF:1
FNH:1
DA:1,64
DA:2,64
DA:3,149
DA:13,66
DA:27,9
DA:28,12
DA:29,10
DA:30,13
DA:31,14
DA:32,16
DA:33,20
DA:34,20
DA:35,24
DA:36,15
DA:37,3
DA:38,7
DA:39,63
DA:40,128
DA:42,132
DA:44,174
DA:46,281
DA:47,39
DA:49,25
DA:51,97
DA:52,153
DA:53,207
DA:54,206
DA:55,150
DA:56,75
DA:57,33
DA:58,235
DA:59,28
DA:61,91
DA:62,252
DA:63,16
DA:64,38
DA:65,29
DA:66,17
DA:68,125
DA:69,163
DA:71,18
DA:72,17
DA:74,214
DA:77,17
DA:78,21
LF:45
LH:45
end_of_record
TN:
SF:server/emails/payment-success.tsx
FNF:1
FNH:1
DA:1,64
DA:2,64
DA:3,152
DA:13,66
DA:30,9
DA:31,12
DA:32,10
DA:33,13
DA:34,14
DA:35,14
DA:36,14
DA:37,20
DA:38,20
DA:39,24
DA:40,18
DA:41,25
DA:42,15
DA:43,3
DA:44,87
DA:46,7
DA:47,63
DA:48,102
DA:50,133
DA:52,174
DA:54,94
DA:55,268
DA:56,37
DA:57,20
DA:58,29
DA:59,17
DA:61,97
DA:62,152
DA:63,196
DA:64,207
DA:65,204
DA:66,193
DA:67,194
DA:68,28
DA:70,97
DA:71,150
DA:72,156
DA:73,82
DA:74,47
DA:75,33
DA:76,228
DA:77,52
DA:78,151
DA:79,103
DA:80,22
DA:81,17
DA:82,28
DA:84,125
DA:85,157
DA:87,18
DA:88,17
DA:90,247
DA:93,17
DA:94,21
LF:58
LH:58
end_of_record
TN:
SF:server/emails/plan-completed.tsx
FNF:1
FNH:1
DA:1,64
DA:2,64
DA:3,152
DA:13,66
DA:25,9
DA:26,12
DA:27,10
DA:28,13
DA:29,17
DA:30,16
DA:31,17
DA:32,15
DA:33,3
DA:34,7
DA:35,63
DA:36,94
DA:38,142
DA:40,174
DA:42,94
DA:43,291
DA:44,43
DA:46,29
DA:47,17
DA:49,97
DA:50,149
DA:51,187
DA:52,193
DA:53,214
DA:54,211
DA:55,218
DA:56,28
DA:58,242
DA:59,18
DA:61,25
DA:63,242
DA:64,18
DA:66,25
DA:68,125
DA:69,163
DA:71,18
DA:72,17
DA:74,174
DA:76,17
DA:77,21
LF:44
LH:44
end_of_record
TN:
SF:server/services/audit.ts
FNF:4
FNH:4
DA:6,44
DA:8,38
DA:9,33
DA:10,46
DA:14,36
DA:15,9
DA:16,12
DA:17,11
DA:18,14
DA:19,11
DA:20,8
DA:21,2
DA:24,31
DA:25,12
DA:26,19
DA:27,12
DA:28,14
DA:29,12
DA:30,16
DA:31,12
DA:32,2
DA:69,20
DA:70,28
DA:72,9
DA:73,46
DA:74,36
DA:75,32
DA:76,28
DA:77,70
DA:78,70
DA:79,34
DA:80,43
DA:81,44
DA:82,6
DA:83,19
DA:86,55
DA:87,36
DA:88,32
DA:89,28
DA:90,47
DA:91,7
DA:101,6
DA:102,12
DA:103,10
DA:104,3
DA:105,10
DA:106,9
DA:107,15
DA:108,81
DA:109,34
DA:116,6
DA:117,12
DA:118,14
DA:119,3
DA:120,45
DA:122,10
DA:123,9
DA:124,15
DA:125,43
DA:126,34
DA:127,13
DA:128,14
LF:62
LH:62
end_of_record
TN:
SF:server/services/authorization.ts
FNF:4
FNH:4
DA:5,41
DA:6,33
DA:8,33
DA:9,60
DA:16,26
DA:17,26
DA:18,27
DA:19,14
DA:20,34
DA:21,11
DA:23,43
DA:24,27
DA:25,24
DA:26,80
DA:27,2
DA:28,2
DA:36,6
DA:37,8
DA:38,6
DA:39,7
DA:40,3
DA:41,24
DA:42,61
DA:43,12
DA:44,28
DA:45,11
DA:47,15
DA:48,79
DA:49,2
DA:52,26
DA:53,11
DA:54,2
DA:56,27
DA:57,26
DA:58,27
DA:59,14
DA:60,34
DA:61,13
DA:63,49
DA:64,11
DA:65,2
DA:66,2
DA:68,26
DA:69,25
DA:70,26
DA:71,13
DA:72,33
DA:73,13
DA:75,46
DA:76,11
DA:77,2
DA:78,2
DA:80,25
DA:81,22
DA:82,59
DA:83,2
LF:56
LH:56
end_of_record
TN:
SF:server/services/collection.ts
FNF:12
FNH:12
DA:1,57
DA:2,38
DA:3,33
DA:4,73
DA:7,22
DA:10,30
DA:18,7
DA:26,3
DA:27,23
DA:29,29
DA:30,12
DA:31,20
DA:32,28
DA:33,38
DA:34,38
DA:35,35
DA:36,3
DA:37,15
DA:38,6
DA:39,4
DA:40,34
DA:41,32
DA:42,30
DA:43,1
DA:44,4
DA:46,72
DA:48,19
DA:59,19
DA:60,39
DA:61,27
DA:62,14
DA:63,22
DA:64,30
DA:65,38
DA:66,27
DA:67,3
DA:68,15
DA:69,34
DA:70,13
DA:72,20
DA:73,50
DA:74,4
DA:76,39
DA:77,74
DA:78,18
DA:79,28
DA:80,9
DA:81,12
DA:82,4
DA:84,54
DA:86,44
DA:87,58
DA:88,18
DA:89,35
DA:90,9
DA:91,12
DA:92,4
DA:94,37
DA:95,35
DA:96,73
DA:98,9
DA:99,17
DA:100,11
DA:101,24
DA:102,40
DA:103,33
DA:104,23
DA:105,3
DA:106,38
DA:108,40
DA:109,28
DA:110,26
DA:111,24
DA:112,85
DA:113,34
DA:114,26
DA:115,42
DA:116,46
DA:117,9
DA:118,23
DA:119,7
DA:121,50
DA:122,16
DA:123,40
DA:124,46
DA:125,7
DA:127,12
DA:128,2
DA:138,16
DA:139,32
DA:141,24
DA:142,14
DA:143,19
DA:144,27
DA:145,43
DA:146,28
DA:147,3
DA:148,12
DA:149,28
DA:150,13
DA:152,17
DA:153,44
DA:154,4
DA:156,39
DA:157,66
DA:158,6
DA:159,4
DA:161,36
DA:162,64
DA:163,4
DA:165,34
DA:168,32
DA:169,14
DA:170,68
DA:171,3
DA:172,15
DA:173,6
DA:174,4
DA:175,29
DA:176,73
DA:177,1
DA:178,6
DA:180,65
DA:183,84
DA:186,40
DA:187,25
DA:188,23
DA:189,31
DA:190,54
DA:191,69
DA:192,23
DA:193,7
DA:196,27
DA:197,42
DA:198,15
DA:199,39
DA:200,19
DA:201,9
DA:203,42
DA:204,32
DA:205,25
DA:206,32
DA:207,36
DA:208,40
DA:209,31
DA:210,11
DA:211,25
DA:212,9
DA:214,67
DA:215,15
DA:216,20
DA:217,29
DA:218,7
DA:219,4
DA:222,9
DA:223,17
DA:224,31
DA:225,6
DA:226,4
DA:227,29
DA:228,58
DA:229,1
DA:230,6
DA:232,40
DA:233,25
DA:234,23
DA:235,37
DA:236,48
DA:237,23
DA:238,7
DA:240,71
DA:241,4
DA:249,10
DA:250,24
DA:251,36
DA:252,15
DA:253,42
DA:254,27
DA:256,21
DA:257,30
DA:258,33
DA:261,24
DA:262,33
DA:263,12
DA:264,32
DA:265,13
DA:267,37
DA:268,29
DA:269,2
DA:270,2
DA:272,14
LF:191
LH:191
end_of_record
TN:
SF:server/services/email.ts
FNF:9
FNH:9
DA:2,38
DA:4,61
DA:6,63
DA:8,81
DA:10,63
DA:12,67
DA:14,65
DA:16,63
DA:20,57
DA:34,9
DA:39,3
DA:40,56
DA:41,23
DA:42,19
DA:43,29
DA:44,22
DA:45,5
DA:47,15
DA:48,81
DA:49,2
DA:51,10
DA:52,0
DA:53,2
DA:55,23
DA:64,6
DA:65,4
DA:66,7
DA:67,3
DA:68,22
DA:69,7
DA:70,79
DA:71,41
DA:72,41
DA:73,3
DA:80,6
DA:81,4
DA:82,7
DA:83,3
DA:84,69
DA:85,19
DA:86,16
DA:87,5
DA:88,22
DA:89,7
DA:90,70
DA:91,34
DA:92,34
DA:93,3
DA:100,6
DA:101,4
DA:102,7
DA:103,3
DA:104,22
DA:105,7
DA:106,60
DA:107,33
DA:108,33
DA:109,3
DA:116,6
DA:117,4
DA:118,7
DA:119,3
DA:120,22
DA:121,7
DA:122,85
DA:123,32
DA:124,32
DA:125,3
DA:132,6
DA:133,4
DA:134,7
DA:135,3
DA:136,22
DA:137,7
DA:138,75
DA:139,32
DA:140,32
DA:141,3
DA:148,6
DA:149,4
DA:150,7
DA:151,3
DA:152,22
DA:153,7
DA:154,57
DA:155,32
DA:156,32
DA:157,3
DA:164,6
DA:165,4
DA:166,7
DA:167,3
DA:168,22
DA:169,7
DA:170,78
DA:171,31
DA:172,44
DA:173,2
LF:98
LH:97
end_of_record
TN:
SF:server/services/enrollment.ts
FNF:13
FNH:13
DA:5,38
DA:6,65
DA:7,51
DA:8,64
DA:9,33
DA:10,90
DA:78,6
DA:79,10
DA:80,11
DA:81,17
DA:82,9
DA:83,26
DA:84,3
DA:86,42
DA:87,16
DA:88,106
DA:89,1
DA:90,2
DA:93,26
DA:94,51
DA:95,14
DA:96,32
DA:97,11
DA:99,17
DA:100,47
DA:101,2
DA:103,36
DA:104,78
DA:105,2
DA:108,77
DA:111,95
DA:114,39
DA:116,33
DA:117,26
DA:118,13
DA:119,41
DA:120,13
DA:122,16
DA:124,25
DA:125,33
DA:127,9
DA:128,15
DA:129,13
DA:130,17
DA:131,29
DA:132,31
DA:133,35
DA:134,47
DA:135,45
DA:136,43
DA:137,45
DA:138,38
DA:139,3
DA:140,43
DA:141,13
DA:142,28
DA:143,15
DA:144,16
DA:145,17
DA:146,29
DA:147,31
DA:148,31
DA:149,35
DA:150,47
DA:151,45
DA:152,43
DA:153,45
DA:154,38
DA:155,3
DA:156,35
DA:157,30
DA:161,24
DA:162,14
DA:163,14
DA:164,14
DA:165,15
DA:166,46
DA:167,34
DA:168,52
DA:169,42
DA:170,46
DA:171,50
DA:172,48
DA:173,24
DA:174,51
DA:175,3
DA:176,32
DA:179,58
DA:180,22
DA:181,19
DA:182,33
DA:183,33
DA:184,24
DA:185,30
DA:186,7
DA:188,34
DA:189,17
DA:190,22
DA:191,35
DA:193,55
DA:196,40
DA:197,22
DA:198,51
DA:199,24
DA:200,7
DA:204,40
DA:205,25
DA:206,24
DA:207,24
DA:208,21
DA:209,19
DA:210,26
DA:211,48
DA:212,54
DA:213,44
DA:214,50
DA:215,17
DA:216,13
DA:217,8
DA:218,34
DA:219,28
DA:220,7
DA:223,40
DA:224,30
DA:225,24
DA:226,29
DA:227,21
DA:228,19
DA:229,53
DA:230,21
DA:231,8
DA:232,26
DA:233,17
DA:234,7
DA:236,14
DA:237,22
DA:238,14
DA:239,14
DA:240,2
DA:241,2
DA:249,16
DA:250,51
DA:251,32
DA:252,13
DA:253,18
DA:254,19
DA:255,18
DA:256,3
DA:257,5
DA:259,17
DA:260,43
DA:261,2
DA:263,23
DA:264,57
DA:265,2
DA:267,24
DA:268,58
DA:269,2
DA:271,12
DA:272,13
DA:273,20
DA:274,28
DA:275,44
DA:276,32
DA:277,50
DA:278,40
DA:279,44
DA:280,48
DA:281,46
DA:282,31
DA:283,6
DA:284,14
DA:285,26
DA:286,30
DA:287,32
DA:288,32
DA:289,33
DA:290,6
DA:291,15
DA:292,27
DA:293,28
DA:294,6
DA:295,44
DA:296,15
DA:297,19
DA:298,33
DA:299,33
DA:300,23
DA:301,30
DA:302,4
DA:303,2
DA:313,6
DA:314,8
DA:315,9
DA:316,21
DA:317,3
DA:318,30
DA:319,47
DA:320,12
DA:321,28
DA:322,11
DA:324,21
DA:325,43
DA:326,2
DA:328,41
DA:329,16
DA:330,83
DA:331,1
DA:332,2
DA:334,32
DA:336,84
DA:339,9
DA:340,17
DA:341,31
DA:342,76
DA:345,40
DA:346,25
DA:347,23
DA:348,31
DA:349,38
DA:350,40
DA:351,16
DA:352,28
DA:353,6
DA:354,3
LF:225
LH:225
end_of_record
TN:
SF:server/services/guarantee.ts
FNF:11
FNH:11
DA:16,38
DA:18,49
DA:19,51
DA:20,33
DA:21,53
DA:22,56
DA:59,28
DA:60,57
DA:71,6
DA:72,8
DA:73,19
DA:74,3
DA:75,3
DA:76,32
DA:77,21
DA:78,84
DA:79,1
DA:80,2
DA:82,28
DA:84,44
DA:85,11
DA:86,22
DA:87,22
DA:88,5
DA:90,20
DA:91,5
DA:92,28
DA:93,21
DA:94,26
DA:95,58
DA:96,21
DA:97,3
DA:98,2
DA:99,4
DA:112,6
DA:113,8
DA:114,12
DA:115,3
DA:116,3
DA:117,25
DA:118,89
DA:119,2
DA:121,28
DA:123,44
DA:124,11
DA:125,34
DA:126,15
DA:127,5
DA:129,20
DA:130,5
DA:131,28
DA:132,21
DA:133,22
DA:134,44
DA:135,21
DA:136,3
DA:137,2
DA:138,4
DA:147,6
DA:148,8
DA:149,15
DA:150,3
DA:151,3
DA:152,28
DA:153,92
DA:154,2
DA:156,28
DA:158,44
DA:159,11
DA:160,37
DA:161,18
DA:162,5
DA:164,20
DA:165,5
DA:166,28
DA:167,21
DA:168,24
DA:169,50
DA:170,21
DA:171,3
DA:172,2
DA:173,4
DA:184,10
DA:185,24
DA:186,12
DA:187,142
DA:188,128
DA:189,132
DA:190,3
DA:191,17
DA:193,30
DA:194,31
DA:195,24
DA:196,25
DA:197,4
DA:200,60
DA:201,46
DA:202,54
DA:204,12
DA:205,43
DA:206,29
DA:207,37
DA:208,51
DA:209,2
DA:219,10
DA:220,60
DA:221,25
DA:222,3
DA:223,14
DA:224,71
DA:225,34
DA:226,3
DA:227,12
DA:228,35
DA:229,5
DA:231,90
DA:232,64
DA:233,62
DA:235,12
DA:236,39
DA:237,49
DA:238,83
DA:239,17
DA:240,1
LF:124
LH:124
end_of_record
TN:
SF:server/services/payment.ts
FNF:13
FNH:12
DA:1,38
DA:2,68
DA:3,38
DA:4,51
DA:5,33
DA:6,90
DA:7,78
DA:8,81
DA:9,68
DA:12,22
DA:19,13
DA:23,3
DA:25,24
DA:26,12
DA:27,17
DA:28,27
DA:29,37
DA:30,22
DA:31,3
DA:32,12
DA:33,35
DA:34,11
DA:36,15
DA:37,51
DA:38,2
DA:40,35
DA:41,91
DA:42,2
DA:44,18
DA:45,0
DA:46,2
DA:49,34
DA:50,53
DA:51,15
DA:52,77
DA:53,11
DA:55,25
DA:56,71
DA:57,2
DA:59,40
DA:60,0
DA:61,0
DA:62,0
DA:63,2
DA:66,25
DA:67,12
DA:68,43
DA:69,3
DA:70,13
DA:71,35
DA:72,11
DA:74,34
DA:75,75
DA:76,2
DA:78,41
DA:79,33
DA:80,26
DA:81,45
DA:82,36
DA:83,34
DA:84,29
DA:85,3
DA:92,13
DA:95,3
DA:97,27
DA:98,12
DA:99,20
DA:100,28
DA:101,38
DA:102,28
DA:103,21
DA:104,3
DA:105,15
DA:106,41
DA:107,11
DA:109,18
DA:110,57
DA:111,2
DA:113,40
DA:114,92
DA:115,2
DA:117,70
DA:118,16
DA:119,85
DA:120,1
DA:121,2
DA:123,20
DA:124,0
DA:125,2
DA:128,24
DA:129,57
DA:130,12
DA:131,36
DA:132,11
DA:134,10
DA:135,0
DA:136,2
DA:138,34
DA:139,94
DA:140,2
DA:142,18
DA:143,0
DA:144,2
DA:147,25
DA:148,54
DA:149,13
DA:150,35
DA:151,11
DA:153,29
DA:154,0
DA:155,2
DA:157,43
DA:158,32
DA:159,27
DA:160,45
DA:161,37
DA:162,41
DA:163,3
DA:173,6
DA:174,11
DA:175,22
DA:176,3
DA:177,32
DA:179,27
DA:180,14
DA:181,22
DA:182,30
DA:183,40
DA:184,30
DA:185,23
DA:186,3
DA:187,15
DA:188,34
DA:189,13
DA:191,20
DA:192,50
DA:193,4
DA:195,42
DA:196,72
DA:197,6
DA:198,4
DA:200,37
DA:203,9
DA:204,17
DA:205,11
DA:206,26
DA:207,28
DA:208,25
DA:209,3
DA:210,38
DA:213,40
DA:214,28
DA:215,26
DA:216,31
DA:217,54
DA:218,56
DA:219,23
DA:220,7
DA:222,29
DA:225,24
DA:226,14
DA:227,19
DA:228,31
DA:229,40
DA:230,3
DA:231,12
DA:232,36
DA:233,13
DA:235,29
DA:238,86
DA:240,40
DA:241,29
DA:242,47
DA:243,24
DA:244,7
DA:246,40
DA:247,30
DA:248,31
DA:249,29
DA:250,77
DA:251,23
DA:252,7
DA:255,26
DA:256,53
DA:257,14
DA:258,37
DA:259,13
DA:261,29
DA:262,0
DA:263,0
DA:264,0
DA:265,0
DA:266,0
DA:267,4
DA:275,93
DA:276,100
DA:280,40
DA:281,28
DA:282,26
DA:283,33
DA:284,34
DA:285,32
DA:286,28
DA:287,27
DA:288,9
DA:289,23
DA:290,6
DA:295,4
DA:303,0
DA:304,0
DA:305,0
DA:306,0
DA:307,0
DA:308,0
DA:309,0
DA:310,0
DA:311,0
DA:312,0
DA:313,0
DA:314,0
DA:315,0
DA:316,0
DA:317,0
DA:318,0
DA:319,0
DA:320,0
DA:321,0
DA:322,0
DA:323,0
DA:324,0
DA:325,0
DA:326,0
DA:327,0
DA:328,0
DA:329,0
DA:330,0
DA:331,0
DA:332,0
DA:333,0
DA:334,0
DA:335,0
DA:336,0
DA:337,0
DA:338,0
DA:339,0
DA:340,0
DA:341,0
DA:342,0
DA:343,0
DA:344,0
DA:345,0
DA:346,0
DA:347,0
DA:348,0
DA:349,0
DA:350,0
DA:351,0
DA:352,0
DA:353,0
DA:354,0
DA:355,0
DA:356,0
DA:357,0
DA:358,0
DA:359,0
DA:360,0
DA:361,0
DA:362,1
DA:370,27
DA:371,32
DA:372,27
DA:373,14
DA:374,22
DA:375,30
DA:376,38
DA:377,27
DA:378,3
DA:379,15
DA:380,34
DA:381,13
DA:383,20
DA:384,50
DA:385,4
DA:387,75
DA:388,76
DA:389,18
DA:390,28
DA:391,9
DA:392,6
DA:393,4
DA:395,37
DA:396,54
DA:397,58
DA:399,9
DA:400,17
DA:401,11
DA:402,51
DA:403,25
DA:404,3
DA:405,38
DA:407,40
DA:408,28
DA:409,26
DA:410,31
DA:411,54
DA:412,34
DA:413,53
DA:414,30
DA:415,35
DA:416,9
DA:417,23
DA:418,7
DA:420,24
DA:421,63
DA:422,18
DA:423,38
DA:424,28
DA:425,7
DA:426,3
DA:427,3
LF:320
LH:248
end_of_record
TN:
SF:server/services/payout.ts
FNF:7
FNH:7
DA:1,56
DA:2,87
DA:3,51
DA:4,33
DA:5,55
DA:6,68
DA:63,29
DA:64,73
DA:65,94
DA:66,2
DA:72,84
DA:73,65
DA:74,73
DA:75,81
DA:78,82
DA:80,12
DA:81,23
DA:82,21
DA:83,18
DA:84,21
DA:85,21
DA:86,2
DA:104,19
DA:107,55
DA:108,38
DA:109,13
DA:110,15
DA:111,17
DA:112,20
DA:113,7
DA:114,5
DA:115,3
DA:116,5
DA:118,18
DA:119,50
DA:120,2
DA:122,40
DA:123,84
DA:124,2
DA:126,23
DA:127,62
DA:128,2
DA:130,28
DA:132,68
DA:133,85
DA:134,2
DA:136,22
DA:137,59
DA:138,2
DA:140,29
DA:142,33
DA:143,77
DA:144,2
DA:148,61
DA:149,41
DA:150,5
DA:152,24
DA:153,87
DA:154,2
DA:158,66
DA:162,65
DA:163,14
DA:164,20
DA:165,24
DA:166,50
DA:167,52
DA:168,5
DA:170,12
DA:171,30
DA:172,33
DA:173,11
DA:174,2
DA:182,6
DA:183,10
DA:184,13
DA:185,3
DA:186,36
DA:187,37
DA:189,57
DA:190,3
DA:191,14
DA:192,21
DA:193,29
DA:194,35
DA:195,39
DA:196,49
DA:197,49
DA:198,29
DA:199,32
DA:200,3
DA:201,14
DA:202,38
DA:203,33
DA:204,13
DA:205,19
DA:206,83
DA:207,5
DA:209,12
DA:210,24
DA:211,35
DA:212,2
DA:218,18
DA:219,77
DA:220,3
DA:221,14
DA:222,44
DA:223,45
DA:224,3
DA:225,14
DA:226,80
DA:227,3
DA:228,14
DA:229,43
DA:230,3
DA:231,14
DA:232,78
DA:233,3
DA:234,36
DA:235,14
DA:236,77
DA:237,5
DA:239,12
DA:240,67
DA:241,71
DA:242,69
DA:243,59
DA:244,1
LF:127
LH:127
end_of_record
TN:
SF:server/services/plaid.ts
FNF:6
FNH:6
DA:6,33
DA:7,46
DA:8,38
DA:9,36
DA:10,33
DA:11,44
DA:12,56
DA:33,16
DA:34,52
DA:35,37
DA:36,28
DA:37,48
DA:38,36
DA:39,16
DA:40,5
DA:42,32
DA:56,6
DA:57,13
DA:58,8
DA:59,3
DA:60,60
DA:61,27
DA:62,5
DA:64,49
DA:65,39
DA:68,9
DA:69,15
DA:70,60
DA:71,32
DA:73,25
DA:74,24
DA:75,22
DA:76,29
DA:77,19
DA:78,59
DA:79,23
DA:80,18
DA:81,5
DA:83,67
DA:85,31
DA:98,6
DA:99,9
DA:100,14
DA:101,3
DA:103,25
DA:104,54
DA:105,13
DA:106,30
DA:107,11
DA:109,16
DA:110,46
DA:111,2
DA:113,33
DA:114,74
DA:115,2
DA:117,55
DA:118,38
DA:119,5
DA:121,42
DA:123,31
DA:124,14
DA:125,22
DA:126,31
DA:127,20
DA:128,36
DA:129,1
DA:130,2
DA:134,28
DA:135,36
DA:136,82
DA:137,55
DA:138,46
DA:139,39
DA:140,2
DA:141,2
DA:143,54
DA:145,20
DA:146,13
DA:147,45
DA:148,18
DA:149,18
DA:150,32
DA:151,90
DA:152,4
DA:154,25
DA:155,24
DA:156,22
DA:157,29
DA:158,19
DA:159,17
DA:160,59
DA:161,47
DA:162,17
DA:163,6
DA:164,21
DA:165,5
DA:167,44
DA:168,12
DA:169,13
DA:170,45
DA:171,15
DA:172,5
DA:174,13
LF:103
LH:103
end_of_record
TN:
SF:server/services/sms.ts
FNF:18
FNH:18
DA:14,38
DA:15,38
DA:16,38
DA:17,48
DA:18,51
DA:53,27
DA:56,38
DA:59,83
DA:64,31
DA:70,16
DA:71,28
DA:72,67
DA:78,16
DA:79,31
DA:80,66
DA:84,16
DA:85,33
DA:92,31
DA:95,11
DA:96,34
DA:100,11
DA:101,29
DA:108,30
DA:114,11
DA:115,25
DA:116,44
DA:118,53
DA:120,54
DA:121,36
DA:123,38
DA:127,11
DA:128,53
DA:129,30
DA:130,39
DA:136,11
DA:137,27
DA:138,31
DA:142,10
DA:143,45
DA:144,20
DA:145,19
DA:146,19
DA:147,17
DA:148,2
DA:152,17
DA:153,31
DA:154,38
DA:155,2
DA:156,12
DA:166,21
DA:168,32
DA:169,88
DA:170,59
DA:171,2
DA:174,27
DA:175,86
DA:176,69
DA:177,2
DA:180,32
DA:181,87
DA:182,65
DA:183,2
DA:186,52
DA:189,9
DA:190,28
DA:191,54
DA:192,16
DA:193,36
DA:194,19
DA:195,7
DA:198,22
DA:199,25
DA:201,44
DA:202,30
DA:203,26
DA:204,7
DA:206,49
DA:207,19
DA:208,62
DA:209,39
DA:210,30
DA:211,23
DA:212,7
DA:213,47
DA:223,6
DA:224,7
DA:225,8
DA:226,3
DA:227,165
DA:229,49
DA:230,28
DA:231,26
DA:232,33
DA:233,5
DA:235,28
DA:242,6
DA:243,7
DA:244,8
DA:245,3
DA:246,199
DA:248,47
DA:249,28
DA:250,26
DA:251,33
DA:252,5
DA:254,28
DA:261,6
DA:262,7
DA:263,8
DA:264,3
DA:265,13
DA:266,265
DA:268,48
DA:269,28
DA:270,23
DA:271,5
DA:273,24
DA:280,6
DA:281,7
DA:282,8
DA:283,3
DA:284,18
DA:285,27
DA:286,65
DA:287,41
DA:289,96
DA:291,48
DA:292,28
DA:293,26
DA:294,33
DA:295,5
DA:297,28
DA:304,11
DA:305,25
DA:306,26
DA:307,24
LF:136
LH:136
end_of_record
TN:
SF:server/services/stripe/ach.ts
FNF:2
FNH:2
DA:1,33
DA:2,38
DA:3,33
DA:4,56
DA:11,13
DA:17,3
DA:18,64
DA:19,31
DA:20,20
DA:21,38
DA:22,49
DA:23,33
DA:24,45
DA:25,17
DA:26,6
DA:27,17
DA:28,34
DA:29,25
DA:30,3
DA:31,5
DA:33,9
DA:34,17
DA:35,9
DA:36,25
DA:37,41
DA:38,3
DA:39,43
DA:41,38
DA:42,26
DA:43,31
DA:44,29
DA:45,52
DA:46,55
DA:47,21
DA:48,5
DA:50,12
DA:51,38
DA:52,52
DA:53,30
DA:54,1
LF:40
LH:40
end_of_record
TN:
SF:server/services/stripe/checkout.ts
FNF:2
FNH:2
DA:1,33
DA:2,38
DA:3,33
DA:4,56
DA:10,13
DA:17,3
DA:18,61
DA:19,20
DA:20,35
DA:21,38
DA:22,19
DA:23,9
DA:24,23
DA:25,26
DA:26,27
DA:27,54
DA:28,12
DA:29,40
DA:30,10
DA:31,17
DA:32,5
DA:33,6
DA:34,17
DA:35,34
DA:36,25
DA:37,6
DA:38,35
DA:39,30
DA:40,5
DA:42,24
DA:43,44
DA:44,22
DA:45,2
DA:47,9
DA:48,17
DA:49,9
DA:50,25
DA:51,40
DA:52,3
DA:53,43
DA:55,38
DA:56,26
DA:57,31
DA:58,29
DA:59,52
DA:60,55
DA:61,21
DA:62,5
DA:64,12
DA:65,26
DA:66,31
DA:67,1
LF:52
LH:52
end_of_record
TN:
SF:server/services/stripe/connect.ts
FNF:6
FNH:6
DA:1,33
DA:2,52
DA:3,38
DA:4,51
DA:5,33
DA:6,64
DA:12,13
DA:16,3
DA:17,52
DA:18,21
DA:19,24
DA:20,25
DA:21,29
DA:22,6
DA:23,41
DA:24,5
DA:26,9
DA:27,16
DA:28,37
DA:29,41
DA:31,38
DA:32,25
DA:33,30
DA:34,37
DA:35,62
DA:36,21
DA:37,5
DA:39,33
DA:45,13
DA:49,3
DA:50,60
DA:51,36
DA:52,31
DA:53,33
DA:54,32
DA:55,5
DA:57,32
DA:68,13
DA:74,3
DA:75,54
DA:76,39
DA:77,20
DA:78,46
DA:79,17
DA:80,34
DA:81,28
DA:82,29
DA:83,3
DA:84,5
DA:86,89
DA:88,32
DA:89,16
DA:90,12
DA:91,30
DA:92,26
DA:93,32
DA:94,44
DA:95,21
DA:96,34
DA:97,21
DA:98,3
DA:99,14
DA:101,38
DA:102,25
DA:103,30
DA:104,22
DA:105,32
DA:106,46
DA:107,23
DA:108,33
DA:109,7
DA:110,21
DA:111,5
DA:113,73
LF:74
LH:74
end_of_record
TN:
SF:server/services/stripe/customer.ts
FNF:2
FNH:2
DA:1,33
DA:2,38
DA:3,33
DA:4,44
DA:10,13
DA:14,3
DA:15,25
DA:16,54
DA:17,13
DA:18,37
DA:19,11
DA:21,33
DA:22,29
DA:23,2
DA:25,54
DA:26,24
DA:27,22
DA:28,39
DA:29,5
DA:31,9
DA:32,15
DA:33,39
DA:34,39
DA:36,18
LF:24
LH:24
end_of_record
